[2024-06-10 19:18:43.718] [info] Using configuration file /home/ramos/.config/waybar/config.jsonc
[2024-06-10 19:18:43.720] [info] Using CSS file /home/ramos/.config/waybar/style.css
[2024-06-10 19:18:43.724] [info] Hyprland IPC starting
[2024-06-10 19:18:43.725] [info] Loading persistent workspaces from Hyprland workspace rules
[2024-06-10 19:18:43.728] [warning] module sway/mode: Disabling module "sway/mode", Socket path is empty
[2024-06-10 19:18:43.731] [warning] module sway/scratchpad: Disabling module "sway/scratchpad", Socket path is empty
[2024-06-10 19:18:43.735] [error] media stopped unexpectedly, is it endless?
[2024-06-10 19:18:43.735] [warning] module sway/window: Disabling module "sway/window", Socket path is empty
[2024-06-10 19:18:43.738] [warning] Can't open /dev/input/event0 (are you in the input group?): EACCES Permission denied
[2024-06-10 19:18:43.738] [warning] Can't open /dev/input/event1 (are you in the input group?): EACCES Permission denied
[2024-06-10 19:18:43.738] [warning] Can't open /dev/input/event2 (are you in the input group?): EACCES Permission denied
[2024-06-10 19:18:43.738] [warning] Can't open /dev/input/event3 (are you in the input group?): EACCES Permission denied
[2024-06-10 19:18:43.738] [warning] Can't open /dev/input/event4 (are you in the input group?): EACCES Permission denied
[2024-06-10 19:18:43.738] [warning] Can't open /dev/input/event9 (are you in the input group?): EACCES Permission denied
[2024-06-10 19:18:43.738] [warning] Can't open /dev/input/event12 (are you in the input group?): EACCES Permission denied
[2024-06-10 19:18:43.738] [warning] Can't open /dev/input/event5 (are you in the input group?): EACCES Permission denied
[2024-06-10 19:18:43.738] [warning] Can't open /dev/input/event10 (are you in the input group?): EACCES Permission denied
[2024-06-10 19:18:43.738] [warning] Can't open /dev/input/mice (are you in the input group?): EACCES Permission denied
[2024-06-10 19:18:43.738] [warning] Can't open /dev/input/mouse1 (are you in the input group?): EACCES Permission denied
[2024-06-10 19:18:43.738] [warning] Can't open /dev/input/mouse2 (are you in the input group?): EACCES Permission denied
[2024-06-10 19:18:43.738] [warning] Can't open /dev/input/event6 (are you in the input group?): EACCES Permission denied
[2024-06-10 19:18:43.738] [warning] Can't open /dev/input/event7 (are you in the input group?): EACCES Permission denied
[2024-06-10 19:18:43.738] [warning] Can't open /dev/input/event8 (are you in the input group?): EACCES Permission denied
[2024-06-10 19:18:43.738] [warning] Can't open /dev/input/event11 (are you in the input group?): EACCES Permission denied
[2024-06-10 19:18:43.738] [warning] Can't open /dev/input/event13 (are you in the input group?): EACCES Permission denied
[2024-06-10 19:18:43.738] [warning] Can't open /dev/input/event14 (are you in the input group?): EACCES Permission denied
[2024-06-10 19:18:43.738] [warning] Can't open /dev/input/event15 (are you in the input group?): EACCES Permission denied
[2024-06-10 19:18:43.738] [warning] Can't open /dev/input/mouse0 (are you in the input group?): EACCES Permission denied
[2024-06-10 19:18:43.738] [warning] Can't open /dev/input/event16 (are you in the input group?): EACCES Permission denied
[2024-06-10 19:18:43.738] [warning] module keyboard-state: Disabling module "keyboard-state", Failed to find keyboard device: EACCES Permission denied
[2024-06-10 19:18:43.740] [warning] module sway/language: Disabling module "sway/language", Socket path is empty
[2024-06-10 19:18:43.740] [warning] No battery named BAT2
[2024-06-10 19:18:43.750] [info] Loading persistent workspaces from Hyprland workspace rules
[2024-06-10 19:18:43.753] [warning] module sway/mode: Disabling module "sway/mode", Socket path is empty
[2024-06-10 19:18:43.755] [warning] module sway/scratchpad: Disabling module "sway/scratchpad", Socket path is empty
[2024-06-10 19:18:43.758] [warning] module sway/window: Disabling module "sway/window", Socket path is empty
[2024-06-10 19:18:43.759] [error] media stopped unexpectedly, is it endless?
[2024-06-10 19:18:43.761] [warning] Can't open /dev/input/event0 (are you in the input group?): EACCES Permission denied
[2024-06-10 19:18:43.761] [warning] Can't open /dev/input/event1 (are you in the input group?): EACCES Permission denied
[2024-06-10 19:18:43.761] [warning] Can't open /dev/input/event2 (are you in the input group?): EACCES Permission denied
[2024-06-10 19:18:43.761] [warning] Can't open /dev/input/event3 (are you in the input group?): EACCES Permission denied
[2024-06-10 19:18:43.761] [warning] Can't open /dev/input/event4 (are you in the input group?): EACCES Permission denied
[2024-06-10 19:18:43.761] [warning] Can't open /dev/input/event9 (are you in the input group?): EACCES Permission denied
[2024-06-10 19:18:43.761] [warning] Can't open /dev/input/event12 (are you in the input group?): EACCES Permission denied
[2024-06-10 19:18:43.761] [warning] Can't open /dev/input/event5 (are you in the input group?): EACCES Permission denied
[2024-06-10 19:18:43.761] [warning] Can't open /dev/input/event10 (are you in the input group?): EACCES Permission denied
[2024-06-10 19:18:43.761] [warning] Can't open /dev/input/mice (are you in the input group?): EACCES Permission denied
[2024-06-10 19:18:43.761] [warning] Can't open /dev/input/mouse1 (are you in the input group?): EACCES Permission denied
[2024-06-10 19:18:43.761] [warning] Can't open /dev/input/mouse2 (are you in the input group?): EACCES Permission denied
[2024-06-10 19:18:43.761] [warning] Can't open /dev/input/event6 (are you in the input group?): EACCES Permission denied
[2024-06-10 19:18:43.761] [warning] Can't open /dev/input/event7 (are you in the input group?): EACCES Permission denied
[2024-06-10 19:18:43.761] [warning] Can't open /dev/input/event8 (are you in the input group?): EACCES Permission denied
[2024-06-10 19:18:43.761] [warning] Can't open /dev/input/event11 (are you in the input group?): EACCES Permission denied
[2024-06-10 19:18:43.761] [warning] Can't open /dev/input/event13 (are you in the input group?): EACCES Permission denied
[2024-06-10 19:18:43.761] [warning] Can't open /dev/input/event14 (are you in the input group?): EACCES Permission denied
[2024-06-10 19:18:43.761] [warning] Can't open /dev/input/event15 (are you in the input group?): EACCES Permission denied
[2024-06-10 19:18:43.761] [warning] Can't open /dev/input/mouse0 (are you in the input group?): EACCES Permission denied
[2024-06-10 19:18:43.761] [warning] Can't open /dev/input/event16 (are you in the input group?): EACCES Permission denied
[2024-06-10 19:18:43.761] [warning] module keyboard-state: Disabling module "keyboard-state", Failed to find keyboard device: EACCES Permission denied
[2024-06-10 19:18:43.763] [warning] module sway/language: Disabling module "sway/language", Socket path is empty
[2024-06-10 19:18:43.764] [warning] No battery named BAT2
[2024-06-10 19:18:43.872] [error] Failed to query power-profiles-daemon via dbus: GDBus.Error:org.freedesktop.DBus.Error.ServiceUnknown: The name is not activatable
[2024-06-10 19:18:43.872] [error] Failed to query power-profiles-daemon via dbus: GDBus.Error:org.freedesktop.DBus.Error.ServiceUnknown: The name is not activatable

** (waybar:9986): WARNING **: 19:18:43.989: Status Notifier Item with bus name ':1.12' and object path '/org/ayatana/NotificationItem/nm_applet' is already registered
[2024-06-10 19:18:44.000] [info] Bar configured (width: 1920, height: 30) for output: eDP-1
[2024-06-10 19:18:44.000] [info] Bar configured (width: 1920, height: 30) for output: HDMI-A-1

** (waybar:9986): WARNING **: 19:18:44.694: Status Notifier Item with bus name ':1.12' and object path '/org/ayatana/NotificationItem/nm_applet' is already registered
[2024-06-10 19:18:50.411] [info] Quitting.
